1
Traceback (most recent call last):
  File "/home/pi/meteo/meteo_sqlite.py", line 19, in <module>
    time.sleep(900)
KeyboardInterrupt
1
1
Traceback (most recent call last):
  File "/home/pi/meteo/meteo_sqlite.py", line 13, in <module>
    hygr = hygr + 20.0  # compenso imprecisione sensore umidità
TypeError: unsupported operand type(s) for +: 'NoneType' and 'float'
Traceback (most recent call last):
  File "/home/pi/meteo/meteo_sqlite.py", line 12, in <module>
    hygr, temp = Adafruit_DHT.read_retry(DHT_SENSOR, DHT_PIN)
  File "/usr/local/lib/python3.9/dist-packages/Adafruit_DHT/common.py", line 94, in read_retry
    humidity, temperature = read(sensor, pin, platform)
  File "/usr/local/lib/python3.9/dist-packages/Adafruit_DHT/common.py", line 81, in read
    return platform.read(sensor, pin)
  File "/usr/local/lib/python3.9/dist-packages/Adafruit_DHT/Raspberry_Pi_2.py", line 29, in read
    result, humidity, temp = driver.read(sensor, int(pin))
KeyboardInterrupt
Traceback (most recent call last):
  File "/home/pi/meteo/meteo_sqlite.py", line 13, in <module>
    hygr = hygr + 20.0  # compenso imprecisione sensore umidità
TypeError: unsupported operand type(s) for +: 'NoneType' and 'float'
